<?xml version="1.0" encoding="UTF-8"?>
<testsuite xmlns:xsi="http://www.w3.org/2001/XMLSchema-instance" xsi:noNamespaceSchemaLocation="https://maven.apache.org/surefire/maven-surefire-plugin/xsd/surefire-test-report.xsd" name="org.geotools.bigquery_geotools.AppTest" time="0.012" tests="1" errors="0" skipped="0" failures="0">
  <properties>
    <property name="java.specification.version" value="17"/>
    <property name="sun.jnu.encoding" value="UTF-8"/>
    <property name="java.class.path" value="/Users/traviswebb/workspace/bigquery-geotools/target/test-classes:/Users/traviswebb/workspace/bigquery-geotools/target/classes:/Users/traviswebb/.m2/repository/com/google/cloud/google-cloud-bigquery/2.17.0/google-cloud-bigquery-2.17.0.jar:/Users/traviswebb/.m2/repository/com/google/cloud/google-cloud-core/2.8.20/google-cloud-core-2.8.20.jar:/Users/traviswebb/.m2/repository/com/google/protobuf/protobuf-java-util/3.21.7/protobuf-java-util-3.21.7.jar:/Users/traviswebb/.m2/repository/com/google/api/grpc/proto-google-common-protos/2.9.6/proto-google-common-protos-2.9.6.jar:/Users/traviswebb/.m2/repository/com/google/api/grpc/proto-google-iam-v1/1.6.2/proto-google-iam-v1-1.6.2.jar:/Users/traviswebb/.m2/repository/com/google/auth/google-auth-library-credentials/1.11.0/google-auth-library-credentials-1.11.0.jar:/Users/traviswebb/.m2/repository/com/google/http-client/google-http-client-gson/1.42.2/google-http-client-gson-1.42.2.jar:/Users/traviswebb/.m2/repository/com/google/cloud/google-cloud-core-http/2.8.20/google-cloud-core-http-2.8.20.jar:/Users/traviswebb/.m2/repository/com/google/api-client/google-api-client/2.0.0/google-api-client-2.0.0.jar:/Users/traviswebb/.m2/repository/com/google/oauth-client/google-oauth-client/1.34.1/google-oauth-client-1.34.1.jar:/Users/traviswebb/.m2/repository/com/google/http-client/google-http-client-apache-v2/1.42.2/google-http-client-apache-v2-1.42.2.jar:/Users/traviswebb/.m2/repository/com/google/http-client/google-http-client-appengine/1.42.2/google-http-client-appengine-1.42.2.jar:/Users/traviswebb/.m2/repository/com/google/api/gax-httpjson/0.104.2/gax-httpjson-0.104.2.jar:/Users/traviswebb/.m2/repository/io/opencensus/opencensus-api/0.31.1/opencensus-api-0.31.1.jar:/Users/traviswebb/.m2/repository/io/opencensus/opencensus-contrib-http-util/0.31.1/opencensus-contrib-http-util-0.31.1.jar:/Users/traviswebb/.m2/repository/com/google/http-client/google-http-client-jackson2/1.42.2/google-http-client-jackson2-1.42.2.jar:/Users/traviswebb/.m2/repository/com/fasterxml/jackson/core/jackson-core/2.13.4/jackson-core-2.13.4.jar:/Users/traviswebb/.m2/repository/javax/annotation/javax.annotation-api/1.3.2/javax.annotation-api-1.3.2.jar:/Users/traviswebb/.m2/repository/com/google/http-client/google-http-client/1.42.2/google-http-client-1.42.2.jar:/Users/traviswebb/.m2/repository/org/apache/httpcomponents/httpclient/4.5.13/httpclient-4.5.13.jar:/Users/traviswebb/.m2/repository/commons-logging/commons-logging/1.2/commons-logging-1.2.jar:/Users/traviswebb/.m2/repository/org/apache/httpcomponents/httpcore/4.4.15/httpcore-4.4.15.jar:/Users/traviswebb/.m2/repository/com/google/j2objc/j2objc-annotations/1.3/j2objc-annotations-1.3.jar:/Users/traviswebb/.m2/repository/org/checkerframework/checker-compat-qual/2.5.5/checker-compat-qual-2.5.5.jar:/Users/traviswebb/.m2/repository/org/checkerframework/checker-qual/3.25.0/checker-qual-3.25.0.jar:/Users/traviswebb/.m2/repository/com/google/auth/google-auth-library-oauth2-http/1.11.0/google-auth-library-oauth2-http-1.11.0.jar:/Users/traviswebb/.m2/repository/com/google/code/findbugs/jsr305/3.0.2/jsr305-3.0.2.jar:/Users/traviswebb/.m2/repository/com/google/apis/google-api-services-bigquery/v2-rev20220924-2.0.0/google-api-services-bigquery-v2-rev20220924-2.0.0.jar:/Users/traviswebb/.m2/repository/com/google/api/api-common/2.2.1/api-common-2.2.1.jar:/Users/traviswebb/.m2/repository/com/google/guava/guava/31.1-jre/guava-31.1-jre.jar:/Users/traviswebb/.m2/repository/com/google/guava/failureaccess/1.0.1/failureaccess-1.0.1.jar:/Users/traviswebb/.m2/repository/com/google/guava/listenablefuture/9999.0-empty-to-avoid-conflict-with-guava/listenablefuture-9999.0-empty-to-avoid-conflict-with-guava.jar:/Users/traviswebb/.m2/repository/com/google/api/gax/2.19.2/gax-2.19.2.jar:/Users/traviswebb/.m2/repository/org/threeten/threetenbp/1.6.2/threetenbp-1.6.2.jar:/Users/traviswebb/.m2/repository/com/google/code/gson/gson/2.9.1/gson-2.9.1.jar:/Users/traviswebb/.m2/repository/org/threeten/threeten-extra/1.7.1/threeten-extra-1.7.1.jar:/Users/traviswebb/.m2/repository/com/google/protobuf/protobuf-java/3.21.7/protobuf-java-3.21.7.jar:/Users/traviswebb/.m2/repository/com/google/cloud/google-cloud-bigquerystorage/2.23.1/google-cloud-bigquerystorage-2.23.1.jar:/Users/traviswebb/.m2/repository/io/grpc/grpc-api/1.49.2/grpc-api-1.49.2.jar:/Users/traviswebb/.m2/repository/io/grpc/grpc-context/1.49.2/grpc-context-1.49.2.jar:/Users/traviswebb/.m2/repository/io/grpc/grpc-stub/1.49.2/grpc-stub-1.49.2.jar:/Users/traviswebb/.m2/repository/io/grpc/grpc-protobuf/1.49.2/grpc-protobuf-1.49.2.jar:/Users/traviswebb/.m2/repository/io/grpc/grpc-protobuf-lite/1.49.2/grpc-protobuf-lite-1.49.2.jar:/Users/traviswebb/.m2/repository/com/google/auto/value/auto-value/1.9/auto-value-1.9.jar:/Users/traviswebb/.m2/repository/com/google/api/grpc/proto-google-cloud-bigquerystorage-v1beta1/0.147.1/proto-google-cloud-bigquerystorage-v1beta1-0.147.1.jar:/Users/traviswebb/.m2/repository/com/google/api/grpc/proto-google-cloud-bigquerystorage-v1beta2/0.147.1/proto-google-cloud-bigquerystorage-v1beta2-0.147.1.jar:/Users/traviswebb/.m2/repository/com/google/api/gax-grpc/2.19.2/gax-grpc-2.19.2.jar:/Users/traviswebb/.m2/repository/io/grpc/grpc-alts/1.49.2/grpc-alts-1.49.2.jar:/Users/traviswebb/.m2/repository/io/grpc/grpc-grpclb/1.49.2/grpc-grpclb-1.49.2.jar:/Users/traviswebb/.m2/repository/org/conscrypt/conscrypt-openjdk-uber/2.5.1/conscrypt-openjdk-uber-2.5.1.jar:/Users/traviswebb/.m2/repository/io/grpc/grpc-auth/1.49.2/grpc-auth-1.49.2.jar:/Users/traviswebb/.m2/repository/io/grpc/grpc-netty-shaded/1.49.2/grpc-netty-shaded-1.49.2.jar:/Users/traviswebb/.m2/repository/io/grpc/grpc-googleapis/1.49.2/grpc-googleapis-1.49.2.jar:/Users/traviswebb/.m2/repository/org/json/json/20200518/json-20200518.jar:/Users/traviswebb/.m2/repository/io/grpc/grpc-core/1.49.2/grpc-core-1.49.2.jar:/Users/traviswebb/.m2/repository/com/google/android/annotations/4.1.1.4/annotations-4.1.1.4.jar:/Users/traviswebb/.m2/repository/org/codehaus/mojo/animal-sniffer-annotations/1.22/animal-sniffer-annotations-1.22.jar:/Users/traviswebb/.m2/repository/io/perfmark/perfmark-api/0.25.0/perfmark-api-0.25.0.jar:/Users/traviswebb/.m2/repository/com/google/api/grpc/grpc-google-cloud-bigquerystorage-v1beta1/0.147.1/grpc-google-cloud-bigquerystorage-v1beta1-0.147.1.jar:/Users/traviswebb/.m2/repository/com/google/api/grpc/grpc-google-cloud-bigquerystorage-v1beta2/0.147.1/grpc-google-cloud-bigquerystorage-v1beta2-0.147.1.jar:/Users/traviswebb/.m2/repository/com/google/api/grpc/grpc-google-cloud-bigquerystorage-v1/2.23.1/grpc-google-cloud-bigquerystorage-v1-2.23.1.jar:/Users/traviswebb/.m2/repository/com/google/api/grpc/proto-google-cloud-bigquerystorage-v1/2.23.1/proto-google-cloud-bigquerystorage-v1-2.23.1.jar:/Users/traviswebb/.m2/repository/org/apache/arrow/arrow-vector/9.0.0/arrow-vector-9.0.0.jar:/Users/traviswebb/.m2/repository/org/apache/arrow/arrow-format/9.0.0/arrow-format-9.0.0.jar:/Users/traviswebb/.m2/repository/com/fasterxml/jackson/core/jackson-annotations/2.13.4/jackson-annotations-2.13.4.jar:/Users/traviswebb/.m2/repository/com/fasterxml/jackson/core/jackson-databind/2.13.4/jackson-databind-2.13.4.jar:/Users/traviswebb/.m2/repository/com/fasterxml/jackson/datatype/jackson-datatype-jsr310/2.13.4/jackson-datatype-jsr310-2.13.4.jar:/Users/traviswebb/.m2/repository/commons-codec/commons-codec/1.15/commons-codec-1.15.jar:/Users/traviswebb/.m2/repository/io/netty/netty-common/4.1.78.Final/netty-common-4.1.78.Final.jar:/Users/traviswebb/.m2/repository/com/google/flatbuffers/flatbuffers-java/1.12.0/flatbuffers-java-1.12.0.jar:/Users/traviswebb/.m2/repository/org/slf4j/slf4j-api/1.7.25/slf4j-api-1.7.25.jar:/Users/traviswebb/.m2/repository/org/apache/arrow/arrow-memory-core/9.0.0/arrow-memory-core-9.0.0.jar:/Users/traviswebb/.m2/repository/org/apache/arrow/arrow-memory-netty/9.0.0/arrow-memory-netty-9.0.0.jar:/Users/traviswebb/.m2/repository/io/netty/netty-buffer/4.1.78.Final/netty-buffer-4.1.78.Final.jar:/Users/traviswebb/.m2/repository/com/google/errorprone/error_prone_annotations/2.15.0/error_prone_annotations-2.15.0.jar:/Users/traviswebb/.m2/repository/junit/junit/4.11/junit-4.11.jar:/Users/traviswebb/.m2/repository/org/hamcrest/hamcrest-core/1.3/hamcrest-core-1.3.jar:"/>
    <property name="java.vm.vendor" value="Eclipse Adoptium"/>
    <property name="sun.arch.data.model" value="64"/>
    <property name="java.vendor.url" value="https://adoptium.net/"/>
    <property name="os.name" value="Mac OS X"/>
    <property name="java.vm.specification.version" value="17"/>
    <property name="sun.java.launcher" value="SUN_STANDARD"/>
    <property name="user.country" value="US"/>
    <property name="sun.boot.library.path" value="/Users/traviswebb/.p2/pool/plugins/org.eclipse.justj.openjdk.hotspot.jre.full.macosx.aarch64_17.0.4.v20221004-1257/jre/lib"/>
    <property name="sun.java.command" value="/Users/traviswebb/workspace/bigquery-geotools/target/surefire/surefirebooter5057774724022151665.jar /Users/traviswebb/workspace/bigquery-geotools/target/surefire 2022-10-24T12-06-26_218-jvmRun1 surefire17249353686537175224tmp surefire_013175654747225574691tmp"/>
    <property name="http.nonProxyHosts" value="local|*.local|169.254/16|*.169.254/16"/>
    <property name="jdk.debug" value="release"/>
    <property name="surefire.test.class.path" value="/Users/traviswebb/workspace/bigquery-geotools/target/test-classes:/Users/traviswebb/workspace/bigquery-geotools/target/classes:/Users/traviswebb/.m2/repository/com/google/cloud/google-cloud-bigquery/2.17.0/google-cloud-bigquery-2.17.0.jar:/Users/traviswebb/.m2/repository/com/google/cloud/google-cloud-core/2.8.20/google-cloud-core-2.8.20.jar:/Users/traviswebb/.m2/repository/com/google/protobuf/protobuf-java-util/3.21.7/protobuf-java-util-3.21.7.jar:/Users/traviswebb/.m2/repository/com/google/api/grpc/proto-google-common-protos/2.9.6/proto-google-common-protos-2.9.6.jar:/Users/traviswebb/.m2/repository/com/google/api/grpc/proto-google-iam-v1/1.6.2/proto-google-iam-v1-1.6.2.jar:/Users/traviswebb/.m2/repository/com/google/auth/google-auth-library-credentials/1.11.0/google-auth-library-credentials-1.11.0.jar:/Users/traviswebb/.m2/repository/com/google/http-client/google-http-client-gson/1.42.2/google-http-client-gson-1.42.2.jar:/Users/traviswebb/.m2/repository/com/google/cloud/google-cloud-core-http/2.8.20/google-cloud-core-http-2.8.20.jar:/Users/traviswebb/.m2/repository/com/google/api-client/google-api-client/2.0.0/google-api-client-2.0.0.jar:/Users/traviswebb/.m2/repository/com/google/oauth-client/google-oauth-client/1.34.1/google-oauth-client-1.34.1.jar:/Users/traviswebb/.m2/repository/com/google/http-client/google-http-client-apache-v2/1.42.2/google-http-client-apache-v2-1.42.2.jar:/Users/traviswebb/.m2/repository/com/google/http-client/google-http-client-appengine/1.42.2/google-http-client-appengine-1.42.2.jar:/Users/traviswebb/.m2/repository/com/google/api/gax-httpjson/0.104.2/gax-httpjson-0.104.2.jar:/Users/traviswebb/.m2/repository/io/opencensus/opencensus-api/0.31.1/opencensus-api-0.31.1.jar:/Users/traviswebb/.m2/repository/io/opencensus/opencensus-contrib-http-util/0.31.1/opencensus-contrib-http-util-0.31.1.jar:/Users/traviswebb/.m2/repository/com/google/http-client/google-http-client-jackson2/1.42.2/google-http-client-jackson2-1.42.2.jar:/Users/traviswebb/.m2/repository/com/fasterxml/jackson/core/jackson-core/2.13.4/jackson-core-2.13.4.jar:/Users/traviswebb/.m2/repository/javax/annotation/javax.annotation-api/1.3.2/javax.annotation-api-1.3.2.jar:/Users/traviswebb/.m2/repository/com/google/http-client/google-http-client/1.42.2/google-http-client-1.42.2.jar:/Users/traviswebb/.m2/repository/org/apache/httpcomponents/httpclient/4.5.13/httpclient-4.5.13.jar:/Users/traviswebb/.m2/repository/commons-logging/commons-logging/1.2/commons-logging-1.2.jar:/Users/traviswebb/.m2/repository/org/apache/httpcomponents/httpcore/4.4.15/httpcore-4.4.15.jar:/Users/traviswebb/.m2/repository/com/google/j2objc/j2objc-annotations/1.3/j2objc-annotations-1.3.jar:/Users/traviswebb/.m2/repository/org/checkerframework/checker-compat-qual/2.5.5/checker-compat-qual-2.5.5.jar:/Users/traviswebb/.m2/repository/org/checkerframework/checker-qual/3.25.0/checker-qual-3.25.0.jar:/Users/traviswebb/.m2/repository/com/google/auth/google-auth-library-oauth2-http/1.11.0/google-auth-library-oauth2-http-1.11.0.jar:/Users/traviswebb/.m2/repository/com/google/code/findbugs/jsr305/3.0.2/jsr305-3.0.2.jar:/Users/traviswebb/.m2/repository/com/google/apis/google-api-services-bigquery/v2-rev20220924-2.0.0/google-api-services-bigquery-v2-rev20220924-2.0.0.jar:/Users/traviswebb/.m2/repository/com/google/api/api-common/2.2.1/api-common-2.2.1.jar:/Users/traviswebb/.m2/repository/com/google/guava/guava/31.1-jre/guava-31.1-jre.jar:/Users/traviswebb/.m2/repository/com/google/guava/failureaccess/1.0.1/failureaccess-1.0.1.jar:/Users/traviswebb/.m2/repository/com/google/guava/listenablefuture/9999.0-empty-to-avoid-conflict-with-guava/listenablefuture-9999.0-empty-to-avoid-conflict-with-guava.jar:/Users/traviswebb/.m2/repository/com/google/api/gax/2.19.2/gax-2.19.2.jar:/Users/traviswebb/.m2/repository/org/threeten/threetenbp/1.6.2/threetenbp-1.6.2.jar:/Users/traviswebb/.m2/repository/com/google/code/gson/gson/2.9.1/gson-2.9.1.jar:/Users/traviswebb/.m2/repository/org/threeten/threeten-extra/1.7.1/threeten-extra-1.7.1.jar:/Users/traviswebb/.m2/repository/com/google/protobuf/protobuf-java/3.21.7/protobuf-java-3.21.7.jar:/Users/traviswebb/.m2/repository/com/google/cloud/google-cloud-bigquerystorage/2.23.1/google-cloud-bigquerystorage-2.23.1.jar:/Users/traviswebb/.m2/repository/io/grpc/grpc-api/1.49.2/grpc-api-1.49.2.jar:/Users/traviswebb/.m2/repository/io/grpc/grpc-context/1.49.2/grpc-context-1.49.2.jar:/Users/traviswebb/.m2/repository/io/grpc/grpc-stub/1.49.2/grpc-stub-1.49.2.jar:/Users/traviswebb/.m2/repository/io/grpc/grpc-protobuf/1.49.2/grpc-protobuf-1.49.2.jar:/Users/traviswebb/.m2/repository/io/grpc/grpc-protobuf-lite/1.49.2/grpc-protobuf-lite-1.49.2.jar:/Users/traviswebb/.m2/repository/com/google/auto/value/auto-value/1.9/auto-value-1.9.jar:/Users/traviswebb/.m2/repository/com/google/api/grpc/proto-google-cloud-bigquerystorage-v1beta1/0.147.1/proto-google-cloud-bigquerystorage-v1beta1-0.147.1.jar:/Users/traviswebb/.m2/repository/com/google/api/grpc/proto-google-cloud-bigquerystorage-v1beta2/0.147.1/proto-google-cloud-bigquerystorage-v1beta2-0.147.1.jar:/Users/traviswebb/.m2/repository/com/google/api/gax-grpc/2.19.2/gax-grpc-2.19.2.jar:/Users/traviswebb/.m2/repository/io/grpc/grpc-alts/1.49.2/grpc-alts-1.49.2.jar:/Users/traviswebb/.m2/repository/io/grpc/grpc-grpclb/1.49.2/grpc-grpclb-1.49.2.jar:/Users/traviswebb/.m2/repository/org/conscrypt/conscrypt-openjdk-uber/2.5.1/conscrypt-openjdk-uber-2.5.1.jar:/Users/traviswebb/.m2/repository/io/grpc/grpc-auth/1.49.2/grpc-auth-1.49.2.jar:/Users/traviswebb/.m2/repository/io/grpc/grpc-netty-shaded/1.49.2/grpc-netty-shaded-1.49.2.jar:/Users/traviswebb/.m2/repository/io/grpc/grpc-googleapis/1.49.2/grpc-googleapis-1.49.2.jar:/Users/traviswebb/.m2/repository/org/json/json/20200518/json-20200518.jar:/Users/traviswebb/.m2/repository/io/grpc/grpc-core/1.49.2/grpc-core-1.49.2.jar:/Users/traviswebb/.m2/repository/com/google/android/annotations/4.1.1.4/annotations-4.1.1.4.jar:/Users/traviswebb/.m2/repository/org/codehaus/mojo/animal-sniffer-annotations/1.22/animal-sniffer-annotations-1.22.jar:/Users/traviswebb/.m2/repository/io/perfmark/perfmark-api/0.25.0/perfmark-api-0.25.0.jar:/Users/traviswebb/.m2/repository/com/google/api/grpc/grpc-google-cloud-bigquerystorage-v1beta1/0.147.1/grpc-google-cloud-bigquerystorage-v1beta1-0.147.1.jar:/Users/traviswebb/.m2/repository/com/google/api/grpc/grpc-google-cloud-bigquerystorage-v1beta2/0.147.1/grpc-google-cloud-bigquerystorage-v1beta2-0.147.1.jar:/Users/traviswebb/.m2/repository/com/google/api/grpc/grpc-google-cloud-bigquerystorage-v1/2.23.1/grpc-google-cloud-bigquerystorage-v1-2.23.1.jar:/Users/traviswebb/.m2/repository/com/google/api/grpc/proto-google-cloud-bigquerystorage-v1/2.23.1/proto-google-cloud-bigquerystorage-v1-2.23.1.jar:/Users/traviswebb/.m2/repository/org/apache/arrow/arrow-vector/9.0.0/arrow-vector-9.0.0.jar:/Users/traviswebb/.m2/repository/org/apache/arrow/arrow-format/9.0.0/arrow-format-9.0.0.jar:/Users/traviswebb/.m2/repository/com/fasterxml/jackson/core/jackson-annotations/2.13.4/jackson-annotations-2.13.4.jar:/Users/traviswebb/.m2/repository/com/fasterxml/jackson/core/jackson-databind/2.13.4/jackson-databind-2.13.4.jar:/Users/traviswebb/.m2/repository/com/fasterxml/jackson/datatype/jackson-datatype-jsr310/2.13.4/jackson-datatype-jsr310-2.13.4.jar:/Users/traviswebb/.m2/repository/commons-codec/commons-codec/1.15/commons-codec-1.15.jar:/Users/traviswebb/.m2/repository/io/netty/netty-common/4.1.78.Final/netty-common-4.1.78.Final.jar:/Users/traviswebb/.m2/repository/com/google/flatbuffers/flatbuffers-java/1.12.0/flatbuffers-java-1.12.0.jar:/Users/traviswebb/.m2/repository/org/slf4j/slf4j-api/1.7.25/slf4j-api-1.7.25.jar:/Users/traviswebb/.m2/repository/org/apache/arrow/arrow-memory-core/9.0.0/arrow-memory-core-9.0.0.jar:/Users/traviswebb/.m2/repository/org/apache/arrow/arrow-memory-netty/9.0.0/arrow-memory-netty-9.0.0.jar:/Users/traviswebb/.m2/repository/io/netty/netty-buffer/4.1.78.Final/netty-buffer-4.1.78.Final.jar:/Users/traviswebb/.m2/repository/com/google/errorprone/error_prone_annotations/2.15.0/error_prone_annotations-2.15.0.jar:/Users/traviswebb/.m2/repository/junit/junit/4.11/junit-4.11.jar:/Users/traviswebb/.m2/repository/org/hamcrest/hamcrest-core/1.3/hamcrest-core-1.3.jar:"/>
    <property name="sun.cpu.endian" value="little"/>
    <property name="user.home" value="/Users/traviswebb"/>
    <property name="user.language" value="en"/>
    <property name="java.specification.vendor" value="Oracle Corporation"/>
    <property name="java.version.date" value="2022-08-12"/>
    <property name="java.home" value="/Users/traviswebb/.p2/pool/plugins/org.eclipse.justj.openjdk.hotspot.jre.full.macosx.aarch64_17.0.4.v20221004-1257/jre"/>
    <property name="file.separator" value="/"/>
    <property name="style.color" value="always"/>
    <property name="basedir" value="/Users/traviswebb/workspace/bigquery-geotools"/>
    <property name="java.vm.compressedOopsMode" value="Zero based"/>
    <property name="line.separator" value="&#10;"/>
    <property name="java.vm.specification.vendor" value="Oracle Corporation"/>
    <property name="java.specification.name" value="Java Platform API Specification"/>
    <property name="surefire.real.class.path" value="/Users/traviswebb/workspace/bigquery-geotools/target/surefire/surefirebooter5057774724022151665.jar"/>
    <property name="sun.management.compiler" value="HotSpot 64-Bit Tiered Compilers"/>
    <property name="ftp.nonProxyHosts" value="local|*.local|169.254/16|*.169.254/16"/>
    <property name="java.runtime.version" value="17.0.4.1+1"/>
    <property name="user.name" value="traviswebb"/>
    <property name="path.separator" value=":"/>
    <property name="os.version" value="12.6"/>
    <property name="java.runtime.name" value="OpenJDK Runtime Environment"/>
    <property name="file.encoding" value="UTF-8"/>
    <property name="java.vm.name" value="OpenJDK 64-Bit Server VM"/>
    <property name="java.vendor.version" value="Temurin-17.0.4.1+1"/>
    <property name="localRepository" value="/Users/traviswebb/.m2/repository"/>
    <property name="java.vendor.url.bug" value="https://github.com/adoptium/adoptium-support/issues"/>
    <property name="java.io.tmpdir" value="/var/folders/9x/vlr416md753c7q3_ybwqj0cc00kyhv/T/"/>
    <property name="java.version" value="17.0.4.1"/>
    <property name="user.dir" value="/Users/traviswebb/workspace/bigquery-geotools"/>
    <property name="os.arch" value="aarch64"/>
    <property name="java.vm.specification.name" value="Java Virtual Machine Specification"/>
    <property name="native.encoding" value="UTF-8"/>
    <property name="java.library.path" value="/Users/traviswebb/Library/Java/Extensions:/Library/Java/Extensions:/Network/Library/Java/Extensions:/System/Library/Java/Extensions:/usr/lib/java:."/>
    <property name="java.vm.info" value="mixed mode"/>
    <property name="java.vendor" value="Eclipse Adoptium"/>
    <property name="java.vm.version" value="17.0.4.1+1"/>
    <property name="sun.io.unicode.encoding" value="UnicodeBig"/>
    <property name="socksNonProxyHosts" value="local|*.local|169.254/16|*.169.254/16"/>
    <property name="java.class.version" value="61.0"/>
  </properties>
  <testcase name="shouldAnswerWithTrue" classname="org.geotools.bigquery_geotools.AppTest" time="0.001"/>
</testsuite>